[backblue.gif]
[fade.gif]
[index.html]
[intranet.alxswe.com/index.html]
[intranet.alxswe.com/assets/application_alx-74569621e0a42d001c13ab89b56439fe012151faea39290de037757e4f7aa681.css]
[intranet.alxswe.com/favicon_alx.ico]
[intranet.alxswe.com/assets/application-5706839fb304956e60447a09b3777f0619be3f1897ac01833392e18931549abd.js]
[intranet.alxswe.com/apple-touch-icon_alx.png]
[intranet.alxswe.com/packs/css/application-87456da7.css]
[intranet.alxswe.com/auth/sign_in.html]
[intranet.alxswe.com/packs/js/application-9f538f725b9264f19c6a.js]
[intranet.alxswe.com/assets/bootstrap-slider/dist/css/bootstrap-slider-934dd091b4bd05d1a8f1dd81023987aac8c61d906a162b1855cdbcb2792c7d5b.css]
[intranet.alxswe.com/assets/bootstrap/glyphicons-halflings-regular-35054c4e1bf08a04f531b2b8510910f29431c22cfbcfb3571c6e2d4dc8cb57c1.eot]
[intranet.alxswe.com/assets/bootstrap/glyphicons-halflings-regular-35054c4e1bf08a04f531b2b8510910f29431c22cfbcfb3571c6e2d4dc8cb57c1d41d.eot]
[intranet.alxswe.com/assets/bootstrap/glyphicons-halflings-regular-4511059bac53be6b8d5d9a60139058a3ee67becaa2df739e2e67dd27f22324f8.woff2]
[intranet.alxswe.com/assets/bootstrap/glyphicons-halflings-regular-b08ae9af0bd2e112a8d6b543e83159dc9b3ce5596fe97ffb8b8330db8afc4b08.woff]
[intranet.alxswe.com/assets/bootstrap/glyphicons-halflings-regular-7e35b4a8ce4d46ea22f0ef6c244b5ec1aa20e4dd957f050b9906f27bfd10e237.ttf]
[intranet.alxswe.com/assets/bootstrap/glyphicons-halflings-regular-c99a82879186f821e6d138718cfafd879d97bff09a4681e4cd9f393f76b20fed.svg]
[intranet.alxswe.com/assets/font-awesome/fa-solid-900-8daf35028d5edef535a88f81a6784a1de192ecd5a94cf97fd7f82be05a49fc67.woff2]
[intranet.alxswe.com/assets/font-awesome/fa-regular-400-bfca698b26d82278d992cab440acae961fa633efeafb1f81f2cdeb9042fac7b2.woff2]
[intranet.alxswe.com/assets/font-awesome/fa-regular-400-60754b8a0b39ec1cd050c98c239886839cc743d777535942d8c81e7a825661b3.ttf]
[intranet.alxswe.com/assets/font-awesome/fa-brands-400-20fdd456f10fce651dc30709b00635b01db4460db5d57513596d790b28881b3d.woff2]
[intranet.alxswe.com/assets/font-awesome/fa-solid-900-de5b6c45be2c40e077af8aa7c0c77b65a682e909ea833b61b8663833abf0cdfa.ttf]
[intranet.alxswe.com/assets/holberton-logo-full-alx-d053727941512ebe04b797ca87d81a195004e9ff2d8a6aedf4004c5365cf8944.png]
[intranet.alxswe.com/assets/font-awesome/fa-brands-400-445be385329aafd724379135b4718f3a64958a38c43ceb46f9527f2d21bda17e.ttf]
[intranet.alxswe.com/assets/slack-logo-4e959344c754db5a76e6d3b54c4b6507ca081239996f13f4d4fe521745e2c0aa.svg]
[intranet.alxswe.com/images/missing/profile.png]
[intranet.alxswe.com/assets/application_alx-74569621e0a42d001c13ab89b56439fe012151faea39290de037757e4f7aa681.css]
[intranet.alxswe.com/packs/media/imgs_dhx_terrace/resizing-de53967e.png]
[intranet.alxswe.com/packs/media/imgs_dhx_terrace/controls-e6e9e708.png]
[intranet.alxswe.com/packs/media/imgs/controls-570d224a.gif]
[intranet.alxswe.com/packs/media/imgs/collapse_expand_icon-be4e9fbd.gif]
[intranet.alxswe.com/packs/media/imgs/databg-17c53bd1.png]
[intranet.alxswe.com/packs/media/imgs/icon-a7d5db52.png]
[intranet.alxswe.com/packs/media/imgs_dhx_terrace/calendar-4eae83e9.gif]
[intranet.alxswe.com/packs/media/imgs_dhx_terrace/resize_dots-86cc2887.png]
[intranet.alxswe.com/packs/media/imgs/images-b8bd4a95.png]
[intranet.alxswe.com/packs/media/imgs_dhx_terrace/arrow_left-9c91d5d0.png]
[intranet.alxswe.com/packs/media/imgs_dhx_terrace/arrow_right-650a136b.png]
[intranet.alxswe.com/packs/media/imgs_dhx_terrace/databg-0eefed7f.png]
[intranet.alxswe.com/packs/media/imgs_dhx_terrace/databg_now-5f38f3fd.png]
[intranet.alxswe.com/packs/media/imgs/loading-5d6d6fe7.gif]
[intranet.alxswe.com/packs/media/imgs_dhx_terrace/clock_big-e3df5481.gif]
[intranet.alxswe.com/packs/media/imgs_dhx_terrace/clock_small-4d216801.gif]
[intranet.alxswe.com/packs/media/imgs/export_pdf-43434e11.png]
[intranet.alxswe.com/packs/media/imgs/export_ical-2243f6e9.png]
[intranet.alxswe.com/packs/media/imgs_dhx_terrace/but_repeat-393ad20d.gif]
[intranet.alxswe.com/packs/media/imgs_dhx_terrace/close_icon-4c24eb7b.png]
[intranet.alxswe.com/packs/media/imgs_dhx_terrace/export_pdf-bc9322c5.png]
[intranet.alxswe.com/packs/media/imgs_dhx_terrace/export_ical-313990a8.png]
[intranet.alxswe.com/packs/css/application-87456da7.css]
[intranet.alxswe.com/auth/password/new.html]
[intranet.alxswe.com/assets/bootstrap-slider/dist/css/bootstrap-slider-934dd091b4bd05d1a8f1dd81023987aac8c61d906a162b1855cdbcb2792c7d5b.css]
[intranet.alxswe.com/assets/bootstrap/glyphicons-halflings-regular-c99a82879186f821e6d138718cfafd879d97bff09a4681e4cd9f393f76b20fed.svg]
[intranet.alxswe.com/assets/slack-logo-4e959344c754db5a76e6d3b54c4b6507ca081239996f13f4d4fe521745e2c0aa.svg]
